<?xml version="1.0" encoding="UTF-8"?>
<!-- Generated by org.testng.reporters.JUnitXMLReporter -->
<testsuite ignored="0" hostname="LAPTOP-21JNM9EN" failures="0" tests="2" name="Surefire test" time="21.166" errors="0" timestamp="2025-02-07T16:41:26 CET">
  <testcase classname="io.cucumber.testng.AbstractTestNGCucumberTests" name="runScenario" time="8.508"/>
  <testcase classname="io.cucumber.testng.AbstractTestNGCucumberTests" name="runScenario" time="11.991"/>
</testsuite> <!-- Surefire test -->
