<?xml version="1.0" encoding="UTF-8"?>
<!-- Generated by org.testng.reporters.JUnitXMLReporter -->
<testsuite ignored="2" hostname="LAPTOP-21JNM9EN" failures="0" tests="0" time="0.001" errors="0" timestamp="2025-02-05T13:52:53 CET">
  <testcase classname="SeleniumFramework.tests.ErrorValidationsTest" name="submitOrderTesting" time="0.0">
    <ignored/>
  </testcase> <!-- submitOrderTesting -->
  <testcase classname="SeleniumFramework.tests.ErrorValidationsTest" name="LoginErrorValidation" time="0.0">
    <ignored/>
  </testcase> <!-- LoginErrorValidation -->
</testsuite>
