<?xml version="1.0" encoding="UTF-8"?>
<!-- Generated by org.testng.reporters.JUnitXMLReporter -->
<testsuite ignored="1" hostname="LAPTOP-21JNM9EN" failures="0" tests="2" name="Submit Order Test" time="30.604" errors="0" timestamp="2025-02-05T13:52:53 CET">
  <testcase classname="SeleniumFramework.tests.SubmitOrderTest" name="submitOrder" time="5.565"/>
  <testcase classname="SeleniumFramework.tests.SubmitOrderTest" name="submitOrder" time="10.397"/>
  <testcase classname="SeleniumFramework.tests.SubmitOrderTest" name="checkOrder" time="0.0">
    <ignored/>
  </testcase> <!-- checkOrder -->
</testsuite> <!-- Submit Order Test -->
