<?xml version="1.0" encoding="UTF-8"?>
<testng-results ignored="0" total="2" passed="2" failed="0" skipped="0">
  <reporter-output>
  </reporter-output>
  <suite started-at="2025-02-07T16:41:05 CET" name="Surefire suite" finished-at="2025-02-07T16:41:26 CET" duration-ms="21166">
    <groups>
      <group name="cucumber">
        <method signature="AbstractTestNGCucumberTests.runScenario(io.cucumber.testng.PickleWrapper,io.cucumber.testng.FeatureWrapper)[pri:0, instance:cucumber.TestNgTestRunner@393671df]" name="runScenario" class="io.cucumber.testng.AbstractTestNGCucumberTests"/>
      </group> <!-- cucumber -->
    </groups>
    <test started-at="2025-02-07T16:41:05 CET" name="Surefire test" finished-at="2025-02-07T16:41:26 CET" duration-ms="21166">
      <class name="cucumber.TestNgTestRunner">
        <test-method is-config="true" signature="setUpClass(org.testng.ITestContext)[pri:0, instance:cucumber.TestNgTestRunner@393671df]" started-at="2025-02-07T16:41:05 CET" name="setUpClass" finished-at="2025-02-07T16:41:06 CET" duration-ms="549" status="PASS">
          <params>
            <param index="0">
              <value>
                <![CDATA[org.testng.TestRunner@196ae579]]>
              </value>
            </param>
          </params>
          <reporter-output>
          </reporter-output>
        </test-method> <!-- setUpClass -->
        <test-method signature="runScenario(io.cucumber.testng.PickleWrapper,io.cucumber.testng.FeatureWrapper)[pri:0, instance:cucumber.TestNgTestRunner@393671df]" started-at="2025-02-07T16:41:06 CET" name="runScenario" description="Runs Cucumber Scenarios" data-provider="scenarios" finished-at="2025-02-07T16:41:14 CET" duration-ms="8508" status="PASS">
          <params>
            <param index="0">
              <value>
                <![CDATA["Validating invalid Credentials"]]>
              </value>
            </param>
            <param index="1">
              <value>
                <![CDATA["Title of your feature"]]>
              </value>
            </param>
          </params>
          <reporter-output>
          </reporter-output>
        </test-method> <!-- runScenario -->
        <test-method signature="runScenario(io.cucumber.testng.PickleWrapper,io.cucumber.testng.FeatureWrapper)[pri:0, instance:cucumber.TestNgTestRunner@393671df]" started-at="2025-02-07T16:41:14 CET" name="runScenario" description="Runs Cucumber Scenarios" data-provider="scenarios" finished-at="2025-02-07T16:41:26 CET" duration-ms="11991" status="PASS">
          <params>
            <param index="0">
              <value>
                <![CDATA["Positive Test of submitting the order"]]>
              </value>
            </param>
            <param index="1">
              <value>
                <![CDATA["Purchase the order from Ecommerce Website"]]>
              </value>
            </param>
          </params>
          <reporter-output>
          </reporter-output>
        </test-method> <!-- runScenario -->
        <test-method is-config="true" signature="tearDownClass()[pri:0, instance:cucumber.TestNgTestRunner@393671df]" started-at="2025-02-07T16:41:26 CET" name="tearDownClass" finished-at="2025-02-07T16:41:26 CET" duration-ms="60" status="PASS">
          <reporter-output>
          </reporter-output>
        </test-method> <!-- tearDownClass -->
      </class> <!-- cucumber.TestNgTestRunner -->
    </test> <!-- Surefire test -->
  </suite> <!-- Surefire suite -->
</testng-results>
